{"/home/nick/git/universal-react-app-2001/src/index-html-template.ts": {"path":"/home/nick/git/universal-react-app-2001/src/index-html-template.ts","statementMap":{"0":{"start":{"line":1,"column":0},"end":{"line":1,"column":63}},"1":{"start":{"line":3,"column":13},"end":{"line":22,"column":14}},"2":{"start":{"line":3,"column":86},"end":{"line":22,"column":13}}},"fnMap":{"0":{"name":"(anonymous_0)","decl":{"start":{"line":3,"column":39},"end":{"line":3,"column":39}},"loc":{"start":{"line":3,"column":81},"end":{"line":22,"column":13}}}},"branchMap":{},"s":{"0":1,"1":1,"2":2},"f":{"0":2},"b":{}}
,"/home/nick/git/universal-react-app-2001/src/constants/pathnames.ts": {"path":"/home/nick/git/universal-react-app-2001/src/constants/pathnames.ts","statementMap":{"0":{"start":{"line":1,"column":0},"end":{"line":1,"column":28}},"1":{"start":{"line":7,"column":13},"end":{"line":7,"column":32}},"2":{"start":{"line":8,"column":13},"end":{"line":8,"column":47}},"3":{"start":{"line":9,"column":13},"end":{"line":9,"column":68}},"4":{"start":{"line":11,"column":13},"end":{"line":11,"column":37}},"5":{"start":{"line":12,"column":13},"end":{"line":12,"column":80}},"6":{"start":{"line":14,"column":13},"end":{"line":14,"column":29}},"7":{"start":{"line":16,"column":13},"end":{"line":16,"column":41}},"8":{"start":{"line":17,"column":13},"end":{"line":17,"column":78}},"9":{"start":{"line":19,"column":13},"end":{"line":19,"column":40}}},"fnMap":{},"branchMap":{},"s":{"0":1,"1":1,"2":1,"3":1,"4":1,"5":1,"6":1,"7":1,"8":1,"9":1},"f":{},"b":{}}
,"/home/nick/git/universal-react-app-2001/src/constants/selectors.ts": {"path":"/home/nick/git/universal-react-app-2001/src/constants/selectors.ts","statementMap":{"0":{"start":{"line":1,"column":13},"end":{"line":1,"column":56}}},"fnMap":{},"branchMap":{},"s":{"0":1},"f":{},"b":{}}
,"/home/nick/git/universal-react-app-2001/src/server/appRouteService.ts": {"path":"/home/nick/git/universal-react-app-2001/src/server/appRouteService.ts","statementMap":{"0":{"start":{"line":1,"column":0},"end":{"line":1,"column":26}},"1":{"start":{"line":2,"column":0},"end":{"line":2,"column":53}},"2":{"start":{"line":3,"column":0},"end":{"line":3,"column":79}},"3":{"start":{"line":4,"column":0},"end":{"line":4,"column":49}},"4":{"start":{"line":5,"column":0},"end":{"line":5,"column":64}},"5":{"start":{"line":6,"column":0},"end":{"line":6,"column":48}},"6":{"start":{"line":7,"column":0},"end":{"line":7,"column":56}},"7":{"start":{"line":19,"column":2},"end":{"line":61,"column":3}},"8":{"start":{"line":22,"column":12},"end":{"line":22,"column":43}},"9":{"start":{"line":23,"column":14},"end":{"line":23,"column":44}},"10":{"start":{"line":24,"column":12},"end":{"line":24,"column":36}},"11":{"start":{"line":25,"column":12},"end":{"line":25,"column":72}},"12":{"start":{"line":26,"column":6},"end":{"line":46,"column":9}},"13":{"start":{"line":28,"column":16},"end":{"line":28,"column":83}},"14":{"start":{"line":29,"column":31},"end":{"line":29,"column":84}},"15":{"start":{"line":29,"column":16},"end":{"line":29,"column":84}},"16":{"start":{"line":30,"column":16},"end":{"line":30,"column":76}},"17":{"start":{"line":31,"column":10},"end":{"line":36,"column":13}},"18":{"start":{"line":32,"column":34},"end":{"line":32,"column":68}},"19":{"start":{"line":33,"column":24},"end":{"line":33,"column":37}},"20":{"start":{"line":34,"column":25},"end":{"line":34,"column":99}},"21":{"start":{"line":35,"column":12},"end":{"line":35,"column":27}},"22":{"start":{"line":39,"column":10},"end":{"line":39,"column":30}},"23":{"start":{"line":42,"column":8},"end":{"line":44,"column":9}},"24":{"start":{"line":43,"column":10},"end":{"line":43,"column":29}},"25":{"start":{"line":45,"column":8},"end":{"line":45,"column":15}},"26":{"start":{"line":50,"column":14},"end":{"line":50,"column":37}},"27":{"start":{"line":51,"column":6},"end":{"line":51,"column":56}},"28":{"start":{"line":52,"column":6},"end":{"line":52,"column":65}},"29":{"start":{"line":53,"column":24},"end":{"line":53,"column":47}},"30":{"start":{"line":53,"column":12},"end":{"line":53,"column":47}},"31":{"start":{"line":54,"column":6},"end":{"line":54,"column":42}},"32":{"start":{"line":57,"column":4},"end":{"line":60,"column":6}},"33":{"start":{"line":64,"column":43},"end":{"line":64,"column":69}},"34":{"start":{"line":66,"column":0},"end":{"line":66,"column":32}}},"fnMap":{"0":{"name":"createAppRouteHandlers","decl":{"start":{"line":19,"column":2},"end":{"line":19,"column":33}},"loc":{"start":{"line":19,"column":63},"end":{"line":61,"column":3}}},"1":{"name":"handleWildcardComponentRendering","decl":{"start":{"line":21,"column":4},"end":{"line":21,"column":51}},"loc":{"start":{"line":21,"column":99},"end":{"line":47,"column":5}}},"2":{"name":"(anonymous_17)","decl":{"start":{"line":26,"column":50},"end":{"line":26,"column":56}},"loc":{"start":{"line":26,"column":66},"end":{"line":41,"column":7}}},"3":{"name":"(anonymous_20)","decl":{"start":{"line":31,"column":63},"end":{"line":31,"column":63}},"loc":{"start":{"line":31,"column":82},"end":{"line":36,"column":11}}},"4":{"name":"(anonymous_21)","decl":{"start":{"line":41,"column":15},"end":{"line":41,"column":15}},"loc":{"start":{"line":41,"column":19},"end":{"line":46,"column":7}}},"5":{"name":"handleContentfulGetRequest","decl":{"start":{"line":49,"column":4},"end":{"line":49,"column":45}},"loc":{"start":{"line":49,"column":73},"end":{"line":55,"column":5}}}},"branchMap":{"0":{"loc":{"start":{"line":42,"column":8},"end":{"line":44,"column":9}},"type":"if","locations":[{"start":{"line":42,"column":8},"end":{"line":44,"column":9}},{"start":{"line":42,"column":8},"end":{"line":44,"column":9}}]}},"s":{"0":1,"1":1,"2":1,"3":1,"4":1,"5":1,"6":1,"7":1,"8":2,"9":2,"10":2,"11":2,"12":2,"13":2,"14":2,"15":2,"16":2,"17":2,"18":2,"19":2,"20":2,"21":2,"22":0,"23":0,"24":0,"25":0,"26":2,"27":2,"28":2,"29":2,"30":2,"31":2,"32":5,"33":1,"34":1},"f":{"0":5,"1":2,"2":2,"3":2,"4":0,"5":2},"b":{"0":[0,0]}}
,"/home/nick/git/universal-react-app-2001/src/utils/css.ts": {"path":"/home/nick/git/universal-react-app-2001/src/utils/css.ts","statementMap":{"0":{"start":{"line":1,"column":13},"end":{"line":1,"column":32}},"1":{"start":{"line":3,"column":26},"end":{"line":3,"column":34}},"2":{"start":{"line":3,"column":26},"end":{"line":3,"column":35}},"3":{"start":{"line":4,"column":19},"end":{"line":4,"column":48}},"4":{"start":{"line":5,"column":2},"end":{"line":10,"column":5}},"5":{"start":{"line":6,"column":4},"end":{"line":9,"column":5}},"6":{"start":{"line":7,"column":18},"end":{"line":7,"column":65}},"7":{"start":{"line":8,"column":6},"end":{"line":8,"column":22}},"8":{"start":{"line":3,"column":0},"end":{"line":11,"column":1}},"9":{"start":{"line":14,"column":19},"end":{"line":14,"column":21}},"10":{"start":{"line":15,"column":2},"end":{"line":15,"column":44}},"11":{"start":{"line":15,"column":24},"end":{"line":15,"column":42}},"12":{"start":{"line":16,"column":2},"end":{"line":16,"column":27}},"13":{"start":{"line":13,"column":0},"end":{"line":17,"column":1}}},"fnMap":{"0":{"name":"insertCss","decl":{"start":{"line":3,"column":0},"end":{"line":null,"column":-1}},"loc":{"start":{"line":3,"column":0},"end":{"line":11,"column":1}}},"1":{"name":"(anonymous_1)","decl":{"start":{"line":5,"column":17},"end":{"line":5,"column":17}},"loc":{"start":{"line":5,"column":23},"end":{"line":10,"column":3}}},"2":{"name":"getRouteCss","decl":{"start":{"line":13,"column":0},"end":{"line":null,"column":-1}},"loc":{"start":{"line":13,"column":0},"end":{"line":17,"column":1}}},"3":{"name":"(anonymous_3)","decl":{"start":{"line":15,"column":17},"end":{"line":15,"column":16}},"loc":{"start":{"line":15,"column":20},"end":{"line":15,"column":42}}}},"branchMap":{"0":{"loc":{"start":{"line":6,"column":4},"end":{"line":9,"column":5}},"type":"if","locations":[{"start":{"line":6,"column":4},"end":{"line":9,"column":5}},{"start":{"line":6,"column":4},"end":{"line":9,"column":5}}]},"1":{"loc":{"start":{"line":6,"column":8},"end":{"line":6,"column":24}},"type":"binary-expr","locations":[{"start":{"line":6,"column":8},"end":{"line":6,"column":24}},{"start":{"line":6,"column":28},"end":{"line":6,"column":41}}]},"2":{"loc":{"start":{"line":7,"column":29},"end":{"line":7,"column":47}},"type":"cond-expr","locations":[{"start":{"line":7,"column":29},"end":{"line":7,"column":47}},{"start":{"line":7,"column":50},"end":{"line":7,"column":65}}]}},"s":{"0":1,"1":0,"2":0,"3":0,"4":0,"5":0,"6":0,"7":0,"8":1,"9":2,"10":2,"11":0,"12":2,"13":1},"f":{"0":0,"1":0,"2":2,"3":0},"b":{"0":[0,0],"1":[0,0],"2":[0,0]}}
,"/home/nick/git/universal-react-app-2001/src/utils/setupTestFramework.ts": {"path":"/home/nick/git/universal-react-app-2001/src/utils/setupTestFramework.ts","statementMap":{"0":{"start":{"line":1,"column":0},"end":{"line":1,"column":56}},"1":{"start":{"line":2,"column":0},"end":{"line":2,"column":32}},"2":{"start":{"line":5,"column":0},"end":{"line":5,"column":51}}},"fnMap":{},"branchMap":{},"s":{"0":1,"1":1,"2":1},"f":{},"b":{}}
}
