TN:
SF:/home/nick/git/universal-react-app-2001/src/index-html-template.ts
FN:3,(anonymous_0)
FNF:1
FNH:1
FNDA:2,(anonymous_0)
DA:1,1
DA:3,2
LF:2
LH:2
BRF:0
BRH:0
end_of_record
TN:
SF:/home/nick/git/universal-react-app-2001/src/constants/pathnames.ts
FNF:0
FNH:0
DA:1,1
DA:7,1
DA:8,1
DA:9,1
DA:11,1
DA:12,1
DA:14,1
DA:16,1
DA:17,1
DA:19,1
LF:10
LH:10
BRF:0
BRH:0
end_of_record
TN:
SF:/home/nick/git/universal-react-app-2001/src/constants/selectors.ts
FNF:0
FNH:0
DA:1,1
LF:1
LH:1
BRF:0
BRH:0
end_of_record
TN:
SF:/home/nick/git/universal-react-app-2001/src/server/appRouteService.tsFN:19,createAppRouteHandlers
FN:21,handleWildcardComponentRendering
FN:26,(anonymous_17)
FN:31,(anonymous_20)
FN:41,(anonymous_21)
FN:49,handleContentfulGetRequest
FNF:6
FNH:5
FNDA:5,createAppRouteHandlers
FNDA:2,handleWildcardComponentRendering
FNDA:2,(anonymous_17)
FNDA:2,(anonymous_20)
FNDA:0,(anonymous_21)
FNDA:2,handleContentfulGetRequest
DA:1,1
DA:2,1
DA:3,1
DA:4,1
DA:5,1
DA:6,1
DA:7,1
DA:19,1
DA:22,2
DA:23,2
DA:24,2
DA:25,2
DA:26,2
DA:28,2
DA:29,2
DA:30,2
DA:31,2
DA:32,2
DA:33,2
DA:34,2
DA:35,2
DA:39,0
DA:42,0
DA:43,0
DA:45,0
DA:50,2
DA:51,2
DA:52,2
DA:53,2
DA:54,2
DA:57,5
DA:64,1
DA:66,1
LF:33
LH:29
BRDA:42,0,0,0
BRDA:42,0,1,0
BRF:2
BRH:0
end_of_record
TN:
SF:/home/nick/git/universal-react-app-2001/src/utils/css.ts
FN:3,insertCss
FN:5,(anonymous_1)
FN:13,getRouteCss
FN:15,(anonymous_3)
FNF:4
FNH:1
FNDA:0,insertCss
FNDA:0,(anonymous_1)
FNDA:2,getRouteCss
FNDA:0,(anonymous_3)
DA:1,1
DA:3,1
DA:4,0
DA:5,0
DA:6,0
DA:7,0
DA:8,0
DA:13,1
DA:14,2
DA:15,2
DA:16,2
LF:11
LH:6
BRDA:6,0,0,0
BRDA:6,0,1,0
BRDA:6,1,0,0
BRDA:6,1,1,0
BRDA:7,2,0,0
BRDA:7,2,1,0
BRF:6
BRH:0
end_of_record
TN:
SF:/home/nick/git/universal-react-app-2001/src/utils/setupTestFramework.ts
FNF:0
FNH:0
DA:1,1
DA:2,1
DA:5,1
LF:3
LH:3
BRF:0
BRH:0
end_of_record
